<?xml version="1.0" encoding="UTF-8"?>
<!-- Generated by org.testng.reporters.JUnitXMLReporter -->
<testsuite ignored="0" hostname="DESKTOP-VABLH7K" failures="1" tests="1" name="Test" time="8.369" errors="0" timestamp="2023-06-15T18:01:21 IST">
  <testcase classname="com.practise.amazon" name="amaz" time="8.302">
    <failure type="org.openqa.selenium.WebDriverException" message="target frame detached
  (failed to check if window was closed: disconnected: Unable to receive message from renderer)
  (Session info: chrome=114.0.5735.110)
Build info: version: &amp;apos;4.8.3&amp;apos;, revision: &amp;apos;e5e76298c3&amp;apos;
System info: os.name: &amp;apos;Windows 10&amp;apos;, os.arch: &amp;apos;amd64&amp;apos;, os.version: &amp;apos;10.0&amp;apos;, java.version: &amp;apos;17.0.5&amp;apos;
Driver info: org.openqa.selenium.chrome.ChromeDriver
Command: [125bcacc54a4f26787a54e152c9dc5c4, get {url=https://www.amazon.in/ }]
Capabilities {acceptInsecureCerts: false, browserName: chrome, browserVersion: 114.0.5735.110, chrome: {chromedriverVersion: 114.0.5735.90 (386bc09e8f4f..., userDataDir: C:\Users\WINDOW~1\AppData\L...}, goog:chromeOptions: {debuggerAddress: localhost:49971}, networkConnectionEnabled: false, pageLoadStrategy: normal, platformName: WINDOWS, proxy: Proxy(), se:cdp: ws://localhost:49971/devtoo..., se:cdpVersion: 114.0.5735.110, setWindowRect: true, strictFileInteractability: false, timeouts: {implicit: 0, pageLoad: 300000, script: 30000}, unhandledPromptBehavior: dismiss and notify, webauthn:extension:credBlob: true, webauthn:extension:largeBlob: true, webauthn:extension:minPinLength: true, webauthn:extension:prf: true, webauthn:virtualAuthenticators: true}
Session ID: 125bcacc54a4f26787a54e152c9dc5c4">
      <![CDATA[org.openqa.selenium.WebDriverException: target frame detached
  (failed to check if window was closed: disconnected: Unable to receive message from renderer)
  (Session info: chrome=114.0.5735.110)
Build info: version: '4.8.3', revision: 'e5e76298c3'
System info: os.name: 'Windows 10', os.arch: 'amd64', os.version: '10.0', java.version: '17.0.5'
Driver info: org.openqa.selenium.chrome.ChromeDriver
Command: [125bcacc54a4f26787a54e152c9dc5c4, get {url=https://www.amazon.in/ }]
Capabilities {acceptInsecureCerts: false, browserName: chrome, browserVersion: 114.0.5735.110, chrome: {chromedriverVersion: 114.0.5735.90 (386bc09e8f4f..., userDataDir: C:\Users\WINDOW~1\AppData\L...}, goog:chromeOptions: {debuggerAddress: localhost:49971}, networkConnectionEnabled: false, pageLoadStrategy: normal, platformName: WINDOWS, proxy: Proxy(), se:cdp: ws://localhost:49971/devtoo..., se:cdpVersion: 114.0.5735.110, setWindowRect: true, strictFileInteractability: false, timeouts: {implicit: 0, pageLoad: 300000, script: 30000}, unhandledPromptBehavior: dismiss and notify, webauthn:extension:credBlob: true, webauthn:extension:largeBlob: true, webauthn:extension:minPinLength: true, webauthn:extension:prf: true, webauthn:virtualAuthenticators: true}
Session ID: 125bcacc54a4f26787a54e152c9dc5c4
at org.openqa.selenium.remote.codec.w3c.W3CHttpResponseCodec.createException(W3CHttpResponseCodec.java:200)
at org.openqa.selenium.remote.codec.w3c.W3CHttpResponseCodec.decode(W3CHttpResponseCodec.java:133)
at org.openqa.selenium.remote.codec.w3c.W3CHttpResponseCodec.decode(W3CHttpResponseCodec.java:53)
at org.openqa.selenium.remote.HttpCommandExecutor.execute(HttpCommandExecutor.java:193)
at org.openqa.selenium.remote.service.DriverCommandExecutor.invokeExecute(DriverCommandExecutor.java:183)
at org.openqa.selenium.remote.service.DriverCommandExecutor.execute(DriverCommandExecutor.java:158)
at org.openqa.selenium.remote.RemoteWebDriver.execute(RemoteWebDriver.java:543)
at org.openqa.selenium.remote.RemoteWebDriver.get(RemoteWebDriver.java:297)
at com.practise.amazon.amaz(amazon.java:14)
at java.base/java.util.ArrayList.forEach(ArrayList.java:1511)
at java.base/java.util.concurrent.FutureTask.run(FutureTask.java:264)
at java.base/java.util.concurrent.ThreadPoolExecutor.runWorker(ThreadPoolExecutor.java:1136)
at java.base/java.util.concurrent.ThreadPoolExecutor$Worker.run(ThreadPoolExecutor.java:635)
at java.base/java.lang.Thread.run(Thread.java:833)
... Removed 23 stack frames]]>
    </failure>
  </testcase> <!-- amaz -->
</testsuite> <!-- Test -->
